st76i1_1@kyle17:~/propagation-code-optimization/src$ python main.py
=== Kangaroo [0] ===
Cost=  541.99 -Ofast avx 256 256 256 8 64 1 64
Cost=  541.61 -O3 avx 256 256 256 8 64 1 64
Cost=  576.33 -Ofast avx 256 256 256 8 128 1 64
New best: -Ofast avx 256 256 256 8 64 1 64
Cost=  641.51 -Ofast avx 256 256 256 8 128 1 32
New best: -Ofast avx 256 256 256 8 128 1 64
Cost=  625.74 -Ofast avx 256 256 256 8 128 1 16
Cost=  674.45 -Ofast avx 256 256 256 8 256 1 32
New best: -Ofast avx 256 256 256 8 128 1 32
Cost=  688.68 -Ofast avx512 256 256 256 8 256 1 32
New best: -Ofast avx 256 256 256 8 256 1 32
Cost=  686.6 -Ofast avx512 256 256 256 8 256 1 16
Cost=  681.64 -Ofast avx512 256 256 256 8 512 1 32
Cost=  905.58 -Ofast avx512 256 256 256 16 256 1 32
New best: -Ofast avx512 256 256 256 8 256 1 32
Cost=  942.94 -Ofast avx 256 256 256 16 256 1 32
New best: -Ofast avx512 256 256 256 16 256 1 32
Cost=  1023.29 -Ofast avx2 256 256 256 16 256 1 32
New best: -Ofast avx 256 256 256 16 256 1 32
Cost=  1006.01 -Ofast avx2 256 256 256 16 256 1 16
Cost=  1115.59 -Ofast avx2 256 256 256 16 256 2 32
New best: -Ofast avx2 256 256 256 16 256 1 32
Cost=  939.12 -Ofast avx2 256 256 256 16 256 2 64
Cost=  1013.47 -Ofast avx2 256 256 256 16 256 1 32
Cost=  962.0 -Ofast avx 256 256 256 16 256 2 32
Cost=  713.56 -Ofast avx2 256 256 256 8 256 2 32
Cost=  1451.73 -Ofast avx2 256 256 256 32 256 2 32
New best: -Ofast avx2 256 256 256 16 256 2 32
Cost=  1716.1 -Ofast avx2 256 256 256 32 256 2 16
New best: -Ofast avx2 256 256 256 32 256 2 32
Cost=  1602.78 -Ofast avx2 256 256 256 32 512 2 16
=== Kangaroo [1] ===
Cost=  87.58 -O2 avx2 256 256 256 1 128 1 16
Cost=  87.49 -Ofast avx2 256 256 256 1 128 1 16
Cost=  92.28 -O2 avx2 256 256 256 1 128 2 16
New best: -O2 avx2 256 256 256 1 128 1 16
Cost=  92.12 -O2 avx 256 256 256 1 128 2 16
Cost=  87.49 -O2 avx2 256 256 256 1 128 1 16
Cost=  180.02 -O2 avx2 256 256 256 2 128 2 16
New best: -O2 avx2 256 256 256 1 128 2 16
Cost=  180.8 -Ofast avx2 256 256 256 2 128 2 16
New best: -O2 avx2 256 256 256 2 128 2 16
Cost=  188.88 -Ofast avx2 256 256 256 2 128 4 16
New best: -Ofast avx2 256 256 256 2 128 2 16
Cost=  369.74 -Ofast avx2 256 256 256 4 128 4 16
New best: -Ofast avx2 256 256 256 2 128 4 16
Cost=  367.08 -O3 avx2 256 256 256 4 128 4 16
Cost=  358.39 -Ofast avx2 256 256 256 4 128 4 32
Cost=  369.95 -Ofast avx 256 256 256 4 128 4 16
New best: -Ofast avx2 256 256 256 4 128 4 16
Cost=  364.83 -O2 avx 256 256 256 4 128 4 16
Cost=  188.55 -Ofast avx 256 256 256 2 128 4 16
Cost=  361.82 -Ofast avx 256 256 256 4 128 4 8
Cost=  384.81 -Ofast avx 256 256 256 4 256 4 16
New best: -Ofast avx 256 256 256 4 128 4 16
Cost=  744.69 -Ofast avx 256 256 256 8 256 4 16
New best: -Ofast avx 256 256 256 4 256 4 16
Cost=  751.92 -O2 avx 256 256 256 8 256 4 16
New best: -Ofast avx 256 256 256 8 256 4 16
Cost=  731.55 -O2 avx 256 256 256 8 256 4 32
Cost=  1133.17 -O2 avx 256 256 256 16 256 4 16
New best: -O2 avx 256 256 256 8 256 4 16
Cost=  1135.88 -O3 avx 256 256 256 16 256 4 16
New best: -O2 avx 256 256 256 16 256 4 16
=== Kangaroo [2] ===
Cost=  401.98 -O2 avx2 256 256 256 16 16 128 1
Cost=  377.37 -O2 avx2 256 256 256 16 16 64 1
Cost=  358.88 -O2 avx2 256 256 256 16 32 128 1
Cost=  386.21 -Ofast avx2 256 256 256 16 16 128 1
Cost=  362.9 -O2 avx2 256 256 256 16 16 256 1
Cost=  462.15 -O2 avx2 256 256 256 32 16 128 1
New best: -O2 avx2 256 256 256 16 16 128 1
Cost=  409.76 -Ofast avx2 256 256 256 32 16 128 1
Cost=  477.99 -O2 avx2 256 256 256 32 32 128 1
New best: -O2 avx2 256 256 256 32 16 128 1
Cost=  459.21 -O2 avx2 256 256 256 32 16 128 1
Cost=  454.62 -O2 avx512 256 256 256 32 32 128 1
Cost=  480.53 -O2 avx2 256 256 256 32 32 256 1
New best: -O2 avx2 256 256 256 32 32 128 1
Cost=  515.82 -O2 avx2 256 256 256 32 64 256 1
New best: -O2 avx2 256 256 256 32 32 256 1
Cost=  462.93 -O2 avx2 256 256 256 64 64 256 1
Cost=  516.88 -O3 avx2 256 256 256 32 64 256 1
New best: -O2 avx2 256 256 256 32 64 256 1
Cost=  436.86 -O3 avx2 256 256 256 32 64 128 1
Cost=  516.85 -Ofast avx2 256 256 256 32 64 256 1
Cost=  557.23 -O3 avx2 256 256 256 32 128 256 1
New best: -O3 avx2 256 256 256 32 64 256 1
Cost=  470.85 -O3 avx2 256 256 256 32 128 256 2
Cost=  533.44 -O3 avx2 256 256 256 32 128 512 1
Cost=  564.81 -Ofast avx2 256 256 256 32 128 256 1
New best: -O3 avx2 256 256 256 32 128 256 1
Cost=  525.29 -Ofast avx512 256 256 256 32 128 256 1
[Kangaroo] Overall best: -Ofast avx2 256 256 256 32 256 2 16